designverincludedir -clear
designverlibrarysim -PL -clear
designverlibrarysim -L -clear
designverlibrarysim -PL pmi_work
designverlibrarysim ovi_machxo2
designverdefinemacro -clear
addfile D:/Project/Verilog/STEP/series_courses/01_LED_FSM/led_fsm_top.v
# Adding file D:\Project\Verilog\STEP\series_courses\01_LED_FSM\led_fsm_top.v ... Done
addfile D:/Project/Verilog/STEP/series_courses/01_LED_FSM/led_fsm_tb.v
# Adding file D:\Project\Verilog\STEP\series_courses\01_LED_FSM\led_fsm_tb.v ... Done
vlib D:/Project/Verilog/STEP/series_courses/01_LED_FSM/led_fsm_tb/work
# Warning: Library work already exists
adel -all
# Library contents cleared.
vlog -dbg -work work D:/Project/Verilog/STEP/series_courses/01_LED_FSM/led_fsm_top.v
# Pass 1. Scanning modules hierarchy.
# Pass 2. Processing instantiations.
# Pass 3. Processing behavioral statements.
# ELB/DAG code generating.
# Unit top modules: led_fsm_top.
# $root top modules: led_fsm_top.
# Compile success 0 Errors 0 Warnings  Analysis time: 0[s].
# done
vlog -dbg -work work D:/Project/Verilog/STEP/series_courses/01_LED_FSM/led_fsm_tb.v
# Pass 1. Scanning modules hierarchy.
# Info: VCP2113 Module \$root found in current working library.
# Info: VCP2113 Module led_fsm_top found in current working library.
# Pass 2. Processing instantiations.
# Warning: VCP2597 led_fsm_tb.v : (28, 1): Some unconnected ports remain at instance: led_fsm_top. Module led_fsm_top has unconnected  port(s) : owvrgbled1, owvrgbled2.
# Pass 3. Processing behavioral statements.
# ELB/DAG code generating.
# Info: VCP2113 Module \$root found in current working library.
# Unit top modules: led_fsm_tb.
# $root top modules: led_fsm_tb.
# Compile success 0 Errors 1 Warnings  Analysis time: 0[s].
# done
module led_fsm_tb
# ELBREAD: Elaboration process.
# ELBREAD: Elaboration time 0.0 [s].
vsim +access +r led_fsm_tb -PL pmi_work -L ovi_machxo2
# ELBREAD: Elaboration process.
# ELBREAD: Elaboration time 0.0 [s].
# VSIM: Stack memory: 32MB
# VSIM: Retval memory: 32MB
# 
# KERNEL: Main thread initiated.
# KERNEL: Kernel process initialization phase.
# KERNEL: Time resolution set to 1ps.
# ELAB2: Elaboration final pass...
# ELAB2: Create instances ...
# ELAB2: Create instances complete.
# SLP: Started
# SLP: Elaboration phase ...
# SLP: Elaboration phase ... done : 0.1 [s]
# SLP: Generation phase ...
# SLP: Generation phase ... done : 1.5 [s]
# SLP: Finished : 1.6 [s]
# SLP: 0 primitives and 13 (100.00%) other processes in SLP
# SLP: 26 (100.00%) signals in SLP and 0 interface signals
# ELAB2: Elaboration final pass complete - time: 2.0 [s].
# KERNEL: SLP loading done - time: 0.0 [s].
# KERNEL: Warning: You are using the Active-HDL Lattice Edition. The performance of simulation is running at a reduced rate.
# KERNEL: Warning: Contact Aldec for available upgrade options - sales@aldec.com.
# KERNEL: SLP simulation initialization done - time: 0.0 [s].
# KERNEL: Kernel process initialization done.
# Allocation: Simulator allocated 5532 kB (elbread=1280 elab2=4107 kernel=144 sdf=0)
# KERNEL: ASDB file was created in location D:\Project\Verilog\STEP\series_courses\01_LED_FSM\led_fsm_tb\src\wave.asdb
#  11:30, 2019年11月14日
#  Simulation has been initialized
add wave *
# 3 signal(s) traced.
run 1000ns
# Waveform file 'untitled.awc' connected to 'D:/Project/Verilog/STEP/series_courses/01_LED_FSM/led_fsm_tb/src/wave.asdb'.
# KERNEL: 11111110
# KERNEL: 11111110
# KERNEL: 11111101
# KERNEL: 11111011
# KERNEL: stopped at time: 1 us
restart
# ELBREAD: Elaboration process.
# ELBREAD: Elaboration time 0.0 [s].
# 
# KERNEL: Main thread initiated.
# KERNEL: Kernel process initialization phase.
# KERNEL: Time resolution set to 1ps.
# ELAB2: Elaboration final pass...
# ELAB2: Create instances ...
# ELAB2: Create instances complete.
# SLP: Started
# SLP: Elaboration phase ...
# SLP: Elaboration phase ... skipped, using existing simulator library: 0.0 [s]
# SLP: Finished : 0.0 [s]
# SLP: 0 primitives and 13 (100.00%) other processes in SLP
# SLP: 26 (100.00%) signals in SLP and 0 interface signals
# ELAB2: Elaboration final pass complete - time: 0.1 [s].
# KERNEL: SLP loading done - time: 0.0 [s].
# KERNEL: Warning: You are using the Active-HDL Lattice Edition. The performance of simulation is running at a reduced rate.
# KERNEL: Warning: Contact Aldec for available upgrade options - sales@aldec.com.
# KERNEL: SLP simulation initialization done - time: 0.0 [s].
# KERNEL: Kernel process initialization done.
# Allocation: Simulator allocated 5532 kB (elbread=1280 elab2=4107 kernel=144 sdf=0)
# KERNEL: ASDB file was created in location D:\Project\Verilog\STEP\series_courses\01_LED_FSM\led_fsm_tb\src\wave.asdb
#  11:31, 2019年11月14日
#  Simulation has been initialized
# Waveform file 'untitled.awc' connected to 'D:/Project/Verilog/STEP/series_courses/01_LED_FSM/led_fsm_tb/src/wave.asdb'.
# 1 signal(s) traced.
# 1 signal(s) traced.
run 2 us
# KERNEL: 11111110
# KERNEL: 11111110
# KERNEL: 11111101
# KERNEL: 11111011
# KERNEL: 11110111
# KERNEL: 11101111
# KERNEL: 11011111
# KERNEL: 10111111
# KERNEL: stopped at time: 2 us
run 2 us
# KERNEL: 01111111
# KERNEL: 11111110
# KERNEL: 11111101
# KERNEL: 11111011
# KERNEL: 11110111
# KERNEL: 11101111
# KERNEL: 11011111
# KERNEL: 10111111
# KERNEL: stopped at time: 4 us
run 2 us
# KERNEL: 01111111
# KERNEL: 11111110
# KERNEL: 11111101
# KERNEL: 11111011
# KERNEL: 11110111
# KERNEL: 11101111
# KERNEL: 11011111
# KERNEL: 10111111
# KERNEL: stopped at time: 6 us
