#! /usr/local/iverilog/bin/vvp
:ivl_version "11.0 (devel)" "(s20150603-642-g3bdb50da)";
:ivl_delay_selection "TYPICAL";
:vpi_time_precision - 12;
:vpi_module "system";
:vpi_module "vhdl_sys";
:vpi_module "vhdl_textio";
:vpi_module "v2005_math";
:vpi_module "va_math";
S_0000000001018780 .scope module, "led_fsm_top" "led_fsm_top" 2 28;
 .timescale -9 -12;
    .port_info 0 /INPUT 1 "iclk";
    .port_info 1 /INPUT 1 "irst_n";
    .port_info 2 /OUTPUT 8 "owvled";
    .port_info 3 /OUTPUT 3 "owvrgbled1";
    .port_info 4 /OUTPUT 3 "owvrgbled2";
o0000000001031458 .functor BUFZ 1, C4<z>; HiZ drive
L_000000000002cf50 .functor BUFZ 1, o0000000001031458, C4<0>, C4<0>, C4<0>;
o0000000001031488 .functor BUFZ 1, C4<z>; HiZ drive
L_000000000102e260 .functor BUFZ 1, o0000000001031488, C4<0>, C4<0>, C4<0>;
v000000000107dd00_0 .net "condition", 0 0, L_00000000010d74b0;  1 drivers
v000000000107e0c0_0 .net "iclk", 0 0, o0000000001031458;  0 drivers
v000000000107e200_0 .net "irst_n", 0 0, o0000000001031488;  0 drivers
v000000000107e700_0 .net "owvled", 7 0, L_000000000102e2d0;  1 drivers
L_000000000107e868 .functor BUFT 1, C4<111>, C4<0>, C4<0>, C4<0>;
v000000000107da80_0 .net "owvrgbled1", 2 0, L_000000000107e868;  1 drivers
L_000000000107e8b0 .functor BUFT 1, C4<111>, C4<0>, C4<0>, C4<0>;
v000000000107db20_0 .net "owvrgbled2", 2 0, L_000000000107e8b0;  1 drivers
v000000000107df80_0 .net "state", 2 0, L_000000000102e340;  1 drivers
v000000000107dda0_0 .net "sysclk", 0 0, L_000000000002cf50;  1 drivers
v000000000107e160_0 .net "sysrst_n", 0 0, L_000000000102e260;  1 drivers
S_000000000102a4e0 .scope module, "condition_judge" "condition_judge" 2 63, 2 139 0, S_0000000001018780;
 .timescale -9 -12;
    .port_info 0 /INPUT 1 "iclk";
    .port_info 1 /INPUT 1 "irst_n";
    .port_info 2 /OUTPUT 1 "ocondition";
P_000000000002ba90 .param/l "COUNTER_NUM" 0 2 140, +C4<00000000101101110001101100000000>;
L_000000000107e8f8 .functor BUFT 1, C4<00000000101101110001101100000000>, C4<0>, C4<0>, C4<0>;
v000000000102a670_0 .net/2u *"_s0", 31 0, L_000000000107e8f8;  1 drivers
v000000000102a710_0 .net *"_s2", 0 0, L_000000000107dbc0;  1 drivers
L_000000000107e940 .functor BUFT 1, C4<01>, C4<0>, C4<0>, C4<0>;
v000000000102a7b0_0 .net/2s *"_s4", 1 0, L_000000000107e940;  1 drivers
L_000000000107e988 .functor BUFT 1, C4<00>, C4<0>, C4<0>, C4<0>;
v000000000102a850_0 .net/2s *"_s6", 1 0, L_000000000107e988;  1 drivers
v0000000001025610_0 .net *"_s8", 1 0, L_000000000107e340;  1 drivers
v000000000107e7a0_0 .net "iclk", 0 0, L_000000000002cf50;  alias, 1 drivers
v000000000107de40_0 .net "irst_n", 0 0, L_000000000102e260;  alias, 1 drivers
v000000000107d8a0_0 .net "ocondition", 0 0, L_00000000010d74b0;  alias, 1 drivers
v000000000107e2a0_0 .var "rvcounter", 31 0;
E_000000000002c6d0/0 .event negedge, v000000000107de40_0;
E_000000000002c6d0/1 .event posedge, v000000000107e7a0_0;
E_000000000002c6d0 .event/or E_000000000002c6d0/0, E_000000000002c6d0/1;
L_000000000107dbc0 .cmp/eq 32, v000000000107e2a0_0, L_000000000107e8f8;
L_000000000107e340 .functor MUXZ 2, L_000000000107e988, L_000000000107e940, L_000000000107dbc0, C4<>;
L_00000000010d74b0 .part L_000000000107e340, 0, 1;
S_00000000010256b0 .scope module, "impl_led_controller" "led_controller" 2 44, 2 80 0, S_0000000001018780;
 .timescale -9 -12;
    .port_info 0 /INPUT 1 "iclk";
    .port_info 1 /INPUT 1 "irst_n";
    .port_info 2 /INPUT 3 "ivstate";
    .port_info 3 /OUTPUT 8 "ovled";
L_000000000102e2d0 .functor BUFZ 8, v000000000107e520_0, C4<00000000>, C4<00000000>, C4<00000000>;
v000000000107d940_0 .net "iclk", 0 0, L_000000000002cf50;  alias, 1 drivers
v000000000107e3e0_0 .net "irst_n", 0 0, L_000000000102e260;  alias, 1 drivers
v000000000107d9e0_0 .net "ivstate", 2 0, L_000000000102e340;  alias, 1 drivers
v000000000107dc60_0 .net "ovled", 7 0, L_000000000102e2d0;  alias, 1 drivers
v000000000107e520_0 .var "rvled", 7 0;
E_000000000002be50 .event edge, v000000000107d9e0_0;
S_0000000001025840 .scope module, "impl_state_controller" "state_controller" 2 54, 2 111 0, S_0000000001018780;
 .timescale -9 -12;
    .port_info 0 /INPUT 1 "iclk";
    .port_info 1 /INPUT 1 "irst_n";
    .port_info 2 /INPUT 1 "icondition";
    .port_info 3 /OUTPUT 3 "ovstate";
L_000000000102e340 .functor BUFZ 3, v000000000107e020_0, C4<000>, C4<000>, C4<000>;
v000000000107e5c0_0 .net "iclk", 0 0, L_000000000002cf50;  alias, 1 drivers
v000000000107e480_0 .net "icondition", 0 0, L_00000000010d74b0;  alias, 1 drivers
v000000000107dee0_0 .net "irst_n", 0 0, L_000000000102e260;  alias, 1 drivers
v000000000107e660_0 .net "ovstate", 2 0, L_000000000102e340;  alias, 1 drivers
v000000000107e020_0 .var "rvstate", 2 0;
    .scope S_00000000010256b0;
T_0 ;
    %wait E_000000000002c6d0;
    %load/vec4 v000000000107e3e0_0;
    %nor/r;
    %flag_set/vec4 8;
    %jmp/0xz  T_0.0, 8;
    %pushi/vec4 254, 0, 8;
    %assign/vec4 v000000000107e520_0, 0;
    %jmp T_0.1;
T_0.0 ;
    %load/vec4 v000000000107d9e0_0;
    %dup/vec4;
    %pushi/vec4 0, 0, 3;
    %cmp/u;
    %jmp/1 T_0.2, 6;
    %dup/vec4;
    %pushi/vec4 1, 0, 3;
    %cmp/u;
    %jmp/1 T_0.3, 6;
    %dup/vec4;
    %pushi/vec4 2, 0, 3;
    %cmp/u;
    %jmp/1 T_0.4, 6;
    %dup/vec4;
    %pushi/vec4 3, 0, 3;
    %cmp/u;
    %jmp/1 T_0.5, 6;
    %dup/vec4;
    %pushi/vec4 4, 0, 3;
    %cmp/u;
    %jmp/1 T_0.6, 6;
    %dup/vec4;
    %pushi/vec4 5, 0, 3;
    %cmp/u;
    %jmp/1 T_0.7, 6;
    %dup/vec4;
    %pushi/vec4 6, 0, 3;
    %cmp/u;
    %jmp/1 T_0.8, 6;
    %dup/vec4;
    %pushi/vec4 7, 0, 3;
    %cmp/u;
    %jmp/1 T_0.9, 6;
    %pushi/vec4 254, 0, 8;
    %assign/vec4 v000000000107e520_0, 0;
    %jmp T_0.11;
T_0.2 ;
    %pushi/vec4 254, 0, 8;
    %assign/vec4 v000000000107e520_0, 0;
    %jmp T_0.11;
T_0.3 ;
    %pushi/vec4 253, 0, 8;
    %assign/vec4 v000000000107e520_0, 0;
    %jmp T_0.11;
T_0.4 ;
    %pushi/vec4 251, 0, 8;
    %assign/vec4 v000000000107e520_0, 0;
    %jmp T_0.11;
T_0.5 ;
    %pushi/vec4 247, 0, 8;
    %assign/vec4 v000000000107e520_0, 0;
    %jmp T_0.11;
T_0.6 ;
    %pushi/vec4 239, 0, 8;
    %assign/vec4 v000000000107e520_0, 0;
    %jmp T_0.11;
T_0.7 ;
    %pushi/vec4 223, 0, 8;
    %assign/vec4 v000000000107e520_0, 0;
    %jmp T_0.11;
T_0.8 ;
    %pushi/vec4 191, 0, 8;
    %assign/vec4 v000000000107e520_0, 0;
    %jmp T_0.11;
T_0.9 ;
    %pushi/vec4 127, 0, 8;
    %assign/vec4 v000000000107e520_0, 0;
    %jmp T_0.11;
T_0.11 ;
    %pop/vec4 1;
T_0.1 ;
    %jmp T_0;
    .thread T_0;
    .scope S_00000000010256b0;
T_1 ;
    %wait E_000000000002be50;
    %vpi_call 2 107 "$display", "%b", v000000000107e520_0 {0 0 0};
    %jmp T_1;
    .thread T_1, $push;
    .scope S_0000000001025840;
T_2 ;
    %wait E_000000000002c6d0;
    %load/vec4 v000000000107dee0_0;
    %nor/r;
    %flag_set/vec4 8;
    %jmp/0xz  T_2.0, 8;
    %pushi/vec4 0, 0, 3;
    %assign/vec4 v000000000107e020_0, 0;
    %jmp T_2.1;
T_2.0 ;
    %load/vec4 v000000000107e480_0;
    %flag_set/vec4 8;
    %jmp/0xz  T_2.2, 8;
    %load/vec4 v000000000107e020_0;
    %addi 1, 0, 3;
    %assign/vec4 v000000000107e020_0, 0;
    %jmp T_2.3;
T_2.2 ;
    %load/vec4 v000000000107e020_0;
    %assign/vec4 v000000000107e020_0, 0;
T_2.3 ;
T_2.1 ;
    %jmp T_2;
    .thread T_2;
    .scope S_000000000102a4e0;
T_3 ;
    %wait E_000000000002c6d0;
    %load/vec4 v000000000107de40_0;
    %nor/r;
    %flag_set/vec4 8;
    %jmp/0xz  T_3.0, 8;
    %pushi/vec4 0, 0, 32;
    %assign/vec4 v000000000107e2a0_0, 0;
    %jmp T_3.1;
T_3.0 ;
    %load/vec4 v000000000107e2a0_0;
    %cmpi/e 12000000, 0, 32;
    %jmp/0xz  T_3.2, 4;
    %pushi/vec4 0, 0, 32;
    %assign/vec4 v000000000107e2a0_0, 0;
    %jmp T_3.3;
T_3.2 ;
    %load/vec4 v000000000107e2a0_0;
    %addi 1, 0, 32;
    %assign/vec4 v000000000107e2a0_0, 0;
T_3.3 ;
T_3.1 ;
    %jmp T_3;
    .thread T_3;
# The file index is used to find the file name in the following table.
:file_names 3;
    "N/A";
    "<interactive>";
    "led_fsm_top.v";
