#! /usr/local/iverilog/bin/vvp
:ivl_version "11.0 (devel)" "(s20150603-642-g3bdb50da)";
:ivl_delay_selection "TYPICAL";
:vpi_time_precision - 12;
:vpi_module "system";
:vpi_module "vhdl_sys";
:vpi_module "vhdl_textio";
:vpi_module "v2005_math";
:vpi_module "va_math";
S_0000000001136880 .scope module, "pwm_rgbled" "pwm_rgbled" 2 30;
 .timescale -9 -12;
    .port_info 0 /INPUT 1 "iclk";
    .port_info 1 /INPUT 1 "irst_n";
    .port_info 2 /OUTPUT 8 "owvled";
    .port_info 3 /OUTPUT 3 "owvrgbled1";
    .port_info 4 /OUTPUT 3 "owvrgbled2";
o000000000114c1f8 .functor BUFZ 1, C4<z>; HiZ drive
L_0000000000919dc0 .functor BUFZ 1, o000000000114c1f8, C4<0>, C4<0>, C4<0>;
o000000000114c228 .functor BUFZ 1, C4<z>; HiZ drive
L_0000000000919ff0 .functor BUFZ 1, o000000000114c228, C4<0>, C4<0>, C4<0>;
v0000000001138790_0 .net "iclk", 0 0, o000000000114c1f8;  0 drivers
v00000000011388d0_0 .net "irst_n", 0 0, o000000000114c228;  0 drivers
L_000000000119cfe8 .functor BUFT 1, C4<11111111>, C4<0>, C4<0>, C4<0>;
v0000000001138150_0 .net "owvled", 7 0, L_000000000119cfe8;  1 drivers
o000000000114c288 .functor BUFZ 3, C4<zzz>; HiZ drive
v00000000011385b0_0 .net "owvrgbled1", 2 0, o000000000114c288;  0 drivers
o000000000114c2b8 .functor BUFZ 3, C4<zzz>; HiZ drive
v0000000001138330_0 .net "owvrgbled2", 2 0, o000000000114c2b8;  0 drivers
v0000000001138470_0 .net "sysclk", 0 0, L_0000000000919dc0;  1 drivers
v0000000001137c50_0 .net "sysrst_n", 0 0, L_0000000000919ff0;  1 drivers
v0000000001138510_0 .net "wvpwm", 15 0, L_0000000000919e30;  1 drivers
v00000000011386f0_0 .net "wvrgbled_pwm_r", 15 0, L_000000000091a290;  1 drivers
S_000000000091c0d0 .scope module, "pwm" "counter" 2 61, 2 86 0, S_0000000001136880;
 .timescale -9 -12;
    .port_info 0 /INPUT 1 "iclk";
    .port_info 1 /INPUT 1 "irst_n";
    .port_info 2 /OUTPUT 16 "owvcntnum";
P_0000000001112ca0 .param/l "COUNTER_NUM" 0 2 88, +C4<00000000101101110001101100000000>;
P_0000000001112cd8 .param/l "INIT_NUM" 0 2 89, +C4<00000000000000000000000000000000>;
P_0000000001112d10 .param/str "MODE" 0 2 87, "saw";
P_0000000001112d48 .param/l "STEP" 0 2 90, +C4<00000000000000000000001111101000>;
L_0000000000919e30 .functor BUFZ 16, v00000000011380b0_0, C4<0000000000000000>, C4<0000000000000000>, C4<0000000000000000>;
v0000000001138830_0 .net "iclk", 0 0, L_0000000000919dc0;  alias, 1 drivers
v0000000001138010_0 .net "irst_n", 0 0, L_0000000000919ff0;  alias, 1 drivers
v00000000011381f0_0 .net "owvcntnum", 15 0, L_0000000000919e30;  alias, 1 drivers
v00000000011380b0_0 .var "rvcntnum_saw", 15 0;
v0000000001138290_0 .var "rvcntnum_tri", 15 0;
E_000000000113b060/0 .event negedge, v0000000001138010_0;
E_000000000113b060/1 .event posedge, v0000000001138830_0;
E_000000000113b060 .event/or E_000000000113b060/0, E_000000000113b060/1;
S_0000000001112d90 .scope module, "rgbled_flash_r" "counter" 2 76, 2 86 0, S_0000000001136880;
 .timescale -9 -12;
    .port_info 0 /INPUT 1 "iclk";
    .port_info 1 /INPUT 1 "irst_n";
    .port_info 2 /OUTPUT 16 "owvcntnum";
P_0000000001145a80 .param/l "COUNTER_NUM" 0 2 88, +C4<00000000101101110001101100000000>;
P_0000000001145ab8 .param/l "INIT_NUM" 0 2 89, +C4<00000000000000000000000000000000>;
P_0000000001145af0 .param/str "MODE" 0 2 87, "tri";
P_0000000001145b28 .param/l "STEP" 0 2 90, +C4<00000000000000000000000000000001>;
L_000000000091a290 .functor BUFZ 16, v0000000001138650_0, C4<0000000000000000>, C4<0000000000000000>, C4<0000000000000000>;
v0000000001137a70_0 .net "iclk", 0 0, L_0000000000919dc0;  alias, 1 drivers
v0000000001137b10_0 .net "irst_n", 0 0, L_0000000000919ff0;  alias, 1 drivers
v0000000001138970_0 .net "owvcntnum", 15 0, L_000000000091a290;  alias, 1 drivers
v0000000001137bb0_0 .var "rvcntnum_saw", 15 0;
v0000000001138650_0 .var "rvcntnum_tri", 15 0;
    .scope S_000000000091c0d0;
T_0 ;
    %wait E_000000000113b060;
    %load/vec4 v0000000001138010_0;
    %nor/r;
    %flag_set/vec4 8;
    %jmp/0xz  T_0.0, 8;
    %pushi/vec4 0, 0, 16;
    %assign/vec4 v00000000011380b0_0, 0;
    %jmp T_0.1;
T_0.0 ;
    %load/vec4 v00000000011380b0_0;
    %pad/u 32;
    %cmpi/u 11999999, 0, 32;
    %flag_inv 5; GE is !LT
    %jmp/0xz  T_0.2, 5;
    %pushi/vec4 0, 0, 16;
    %assign/vec4 v00000000011380b0_0, 0;
    %jmp T_0.3;
T_0.2 ;
    %load/vec4 v00000000011380b0_0;
    %pad/u 32;
    %addi 1000, 0, 32;
    %pad/u 16;
    %assign/vec4 v00000000011380b0_0, 0;
T_0.3 ;
T_0.1 ;
    %jmp T_0;
    .thread T_0;
    .scope S_000000000091c0d0;
T_1 ;
    %wait E_000000000113b060;
    %load/vec4 v0000000001138010_0;
    %nor/r;
    %flag_set/vec4 8;
    %jmp/0xz  T_1.0, 8;
    %pushi/vec4 0, 0, 16;
    %assign/vec4 v0000000001138290_0, 0;
    %jmp T_1.1;
T_1.0 ;
    %pushi/vec4 0, 0, 32;
    %load/vec4 v00000000011380b0_0;
    %pad/u 32;
    %cmp/u;
    %flag_get/vec4 4;
    %flag_get/vec4 5;
    %or;
    %load/vec4 v00000000011380b0_0;
    %pad/u 32;
    %cmpi/u 5999999, 0, 32;
    %flag_get/vec4 5;
    %and;
    %flag_set/vec4 8;
    %jmp/0xz  T_1.2, 8;
    %load/vec4 v0000000001138290_0;
    %pad/u 32;
    %addi 1000, 0, 32;
    %pad/u 16;
    %assign/vec4 v0000000001138290_0, 0;
    %jmp T_1.3;
T_1.2 ;
    %pushi/vec4 5999999, 0, 32;
    %load/vec4 v00000000011380b0_0;
    %pad/u 32;
    %cmp/u;
    %flag_get/vec4 4;
    %flag_get/vec4 5;
    %or;
    %load/vec4 v00000000011380b0_0;
    %pad/u 32;
    %cmpi/u 11999999, 0, 32;
    %flag_get/vec4 5;
    %and;
    %flag_set/vec4 8;
    %jmp/0xz  T_1.4, 8;
    %load/vec4 v0000000001138290_0;
    %pad/u 32;
    %subi 1000, 0, 32;
    %pad/u 16;
    %assign/vec4 v0000000001138290_0, 0;
T_1.4 ;
T_1.3 ;
T_1.1 ;
    %jmp T_1;
    .thread T_1;
    .scope S_0000000001112d90;
T_2 ;
    %wait E_000000000113b060;
    %load/vec4 v0000000001137b10_0;
    %nor/r;
    %flag_set/vec4 8;
    %jmp/0xz  T_2.0, 8;
    %pushi/vec4 0, 0, 16;
    %assign/vec4 v0000000001137bb0_0, 0;
    %jmp T_2.1;
T_2.0 ;
    %load/vec4 v0000000001137bb0_0;
    %pad/u 32;
    %cmpi/u 11999999, 0, 32;
    %flag_inv 5; GE is !LT
    %jmp/0xz  T_2.2, 5;
    %pushi/vec4 0, 0, 16;
    %assign/vec4 v0000000001137bb0_0, 0;
    %jmp T_2.3;
T_2.2 ;
    %load/vec4 v0000000001137bb0_0;
    %pad/u 32;
    %addi 1, 0, 32;
    %pad/u 16;
    %assign/vec4 v0000000001137bb0_0, 0;
T_2.3 ;
T_2.1 ;
    %jmp T_2;
    .thread T_2;
    .scope S_0000000001112d90;
T_3 ;
    %wait E_000000000113b060;
    %load/vec4 v0000000001137b10_0;
    %nor/r;
    %flag_set/vec4 8;
    %jmp/0xz  T_3.0, 8;
    %pushi/vec4 0, 0, 16;
    %assign/vec4 v0000000001138650_0, 0;
    %jmp T_3.1;
T_3.0 ;
    %pushi/vec4 0, 0, 32;
    %load/vec4 v0000000001137bb0_0;
    %pad/u 32;
    %cmp/u;
    %flag_get/vec4 4;
    %flag_get/vec4 5;
    %or;
    %load/vec4 v0000000001137bb0_0;
    %pad/u 32;
    %cmpi/u 5999999, 0, 32;
    %flag_get/vec4 5;
    %and;
    %flag_set/vec4 8;
    %jmp/0xz  T_3.2, 8;
    %load/vec4 v0000000001138650_0;
    %pad/u 32;
    %addi 1, 0, 32;
    %pad/u 16;
    %assign/vec4 v0000000001138650_0, 0;
    %jmp T_3.3;
T_3.2 ;
    %pushi/vec4 5999999, 0, 32;
    %load/vec4 v0000000001137bb0_0;
    %pad/u 32;
    %cmp/u;
    %flag_get/vec4 4;
    %flag_get/vec4 5;
    %or;
    %load/vec4 v0000000001137bb0_0;
    %pad/u 32;
    %cmpi/u 11999999, 0, 32;
    %flag_get/vec4 5;
    %and;
    %flag_set/vec4 8;
    %jmp/0xz  T_3.4, 8;
    %load/vec4 v0000000001138650_0;
    %pad/u 32;
    %subi 1, 0, 32;
    %pad/u 16;
    %assign/vec4 v0000000001138650_0, 0;
T_3.4 ;
T_3.3 ;
T_3.1 ;
    %jmp T_3;
    .thread T_3;
# The file index is used to find the file name in the following table.
:file_names 3;
    "N/A";
    "<interactive>";
    "pwm_rgbled.v";
